<?xml version="1.0" encoding="UTF-8"?>
<!-- Generated by org.testng.reporters.JUnitXMLReporter -->
<testsuite ignored="0" hostname="DESKTOP-F4DEVB3" failures="0" tests="4" name="Default test" time="21.728" errors="0" timestamp="2023-03-21T13:27:20 IST">
  <testcase classname="testValidation.TestClass_TestNG" name="TitalValidation" time="1.66"/>
  <testcase classname="testValidation.TestClass_TestNG" name="CheckBoxValidation" time="0.085"/>
  <testcase classname="testValidation.TestClass_TestNG" name="LogInValidation" time="7.757"/>
  <testcase classname="testValidation.TestClass_TestNG" name="LogoValidation" time="0.358"/>
</testsuite> <!-- Default test -->
