<?xml version="1.0" encoding="UTF-8"?>
<!-- Generated by org.testng.reporters.JUnitXMLReporter -->
<testsuite hostname="DESKTOP-F4DEVB3" ignored="0" name="Chrome" tests="4" failures="0" timestamp="2023-01-06T22:17:17 IST" time="21.308" errors="0">
  <testcase name="TitalValidation" time="2.289" classname="testValidation.Compatibility"/>
  <testcase name="CheckBoxValidation" time="0.099" classname="testValidation.Compatibility"/>
  <testcase name="LogInValidation" time="8.255" classname="testValidation.Compatibility"/>
  <testcase name="LogoValidation" time="0.341" classname="testValidation.Compatibility"/>
</testsuite> <!-- Chrome -->
