<?xml version="1.0" encoding="UTF-8"?>
<!-- Generated by org.testng.reporters.JUnitXMLReporter -->
<testsuite hostname="DESKTOP-F4DEVB3" ignored="0" name="Edge" tests="4" failures="0" timestamp="2023-01-06T22:17:54 IST" time="19.24" errors="0">
  <testcase name="TitalValidation" time="0.112" classname="testValidation.Compatibility"/>
  <testcase name="CheckBoxValidation" time="0.212" classname="testValidation.Compatibility"/>
  <testcase name="LogInValidation" time="6.088" classname="testValidation.Compatibility"/>
  <testcase name="LogoValidation" time="0.39" classname="testValidation.Compatibility"/>
</testsuite> <!-- Edge -->
