<?xml version="1.0" encoding="UTF-8"?>
<!-- Generated by org.testng.reporters.JUnitXMLReporter -->
<testsuite hostname="DESKTOP-F4DEVB3" ignored="0" name="FireFox" tests="4" failures="0" timestamp="2023-01-06T22:17:35 IST" time="17.786" errors="0">
  <testcase name="TitalValidation" time="0.322" classname="testValidation.Compatibility"/>
  <testcase name="CheckBoxValidation" time="0.149" classname="testValidation.Compatibility"/>
  <testcase name="LogInValidation" time="4.044" classname="testValidation.Compatibility"/>
  <testcase name="LogoValidation" time="0.577" classname="testValidation.Compatibility"/>
</testsuite> <!-- FireFox -->
