<?xml version="1.0" encoding="UTF-8"?>
<!-- Generated by org.testng.reporters.JUnitXMLReporter -->
<testsuite hostname="DESKTOP-F4DEVB3" ignored="0" name="Test" tests="4" failures="0" timestamp="2022-11-30T23:33:44 IST" time="21.624" errors="0">
  <testcase name="TitalValidation" time="1.483" classname="testValidation.TestClass_TestNG"/>
  <testcase name="CheckBoxValidation" time="0.116" classname="testValidation.TestClass_TestNG"/>
  <testcase name="LogInValidation" time="6.077" classname="testValidation.TestClass_TestNG"/>
  <testcase name="LogoValidation" time="0.409" classname="testValidation.TestClass_TestNG"/>
</testsuite> <!-- Test -->
