<?xml version="1.0" encoding="UTF-8"?>
<!-- Generated by org.testng.reporters.JUnitXMLReporter -->
<testsuite hostname="DESKTOP-F4DEVB3" ignored="0" name="Test" tests="4" failures="0" timestamp="2023-01-10T16:01:13 IST" time="22.414" errors="0">
  <testcase name="TitalValidation" time="2.802" classname="testValidation.TestClass_TestNG"/>
  <testcase name="CheckBoxValidation" time="0.199" classname="testValidation.TestClass_TestNG"/>
  <testcase name="LogInValidation" time="7.929" classname="testValidation.TestClass_TestNG"/>
  <testcase name="LogoValidation" time="0.586" classname="testValidation.TestClass_TestNG"/>
</testsuite> <!-- Test -->
