<?xml version="1.0" encoding="UTF-8"?>
<testng-results skipped="0" failed="0" ignored="0" total="4" passed="4">
  <reporter-output>
    <line>
      <![CDATA[Tital is Verified]]>
    </line>
  </reporter-output>
  <suite name="Suite" duration-ms="22414" started-at="2023-01-10T16:00:50 IST" finished-at="2023-01-10T16:01:13 IST">
    <groups>
      <group name="Regression">
        <method signature="TestClass_TestNG.LogInValidation()[pri:3, instance:testValidation.TestClass_TestNG@6ff29830]" name="LogInValidation" class="testValidation.TestClass_TestNG"/>
      </group> <!-- Regression -->
    </groups>
    <test name="Test" duration-ms="22414" started-at="2023-01-10T16:00:50 IST" finished-at="2023-01-10T16:01:13 IST">
      <class name="testValidation.TestClass_TestNG">
        <test-method status="PASS" signature="BrowserOpen()[pri:0, instance:testValidation.TestClass_TestNG@6ff29830]" name="BrowserOpen" is-config="true" duration-ms="10234" started-at="2023-01-10T16:00:50 IST" finished-at="2023-01-10T16:01:01 IST">
          <reporter-output>
          </reporter-output>
        </test-method> <!-- BrowserOpen -->
        <test-method status="PASS" signature="TitalValidation()[pri:1, instance:testValidation.TestClass_TestNG@6ff29830]" name="TitalValidation" duration-ms="2802" started-at="2023-01-10T16:01:01 IST" finished-at="2023-01-10T16:01:03 IST">
          <reporter-output>
            <line>
              <![CDATA[Tital is Verified]]>
            </line>
          </reporter-output>
        </test-method> <!-- TitalValidation -->
        <test-method status="PASS" signature="CheckBoxValidation()[pri:2, instance:testValidation.TestClass_TestNG@6ff29830]" name="CheckBoxValidation" duration-ms="199" started-at="2023-01-10T16:01:03 IST" finished-at="2023-01-10T16:01:04 IST">
          <reporter-output>
          </reporter-output>
        </test-method> <!-- CheckBoxValidation -->
        <test-method status="PASS" signature="LogInValidation()[pri:3, instance:testValidation.TestClass_TestNG@6ff29830]" name="LogInValidation" duration-ms="7929" started-at="2023-01-10T16:01:04 IST" finished-at="2023-01-10T16:01:12 IST">
          <reporter-output>
          </reporter-output>
        </test-method> <!-- LogInValidation -->
        <test-method status="PASS" signature="LogoValidation()[pri:0, instance:testValidation.TestClass_TestNG@6ff29830]" name="LogoValidation" duration-ms="586" started-at="2023-01-10T16:01:12 IST" depends-on-methods="testValidation.TestClass_TestNG.LogInValidation" finished-at="2023-01-10T16:01:12 IST">
          <reporter-output>
          </reporter-output>
        </test-method> <!-- LogoValidation -->
        <test-method status="PASS" signature="BrowseClose()[pri:0, instance:testValidation.TestClass_TestNG@6ff29830]" name="BrowseClose" is-config="true" duration-ms="520" started-at="2023-01-10T16:01:12 IST" finished-at="2023-01-10T16:01:13 IST">
          <reporter-output>
          </reporter-output>
        </test-method> <!-- BrowseClose -->
      </class> <!-- testValidation.TestClass_TestNG -->
    </test> <!-- Test -->
  </suite> <!-- Suite -->
</testng-results>
