<?xml version="1.0" encoding="UTF-8"?>
<testng-results skipped="0" failed="0" ignored="0" total="4" passed="4">
  <reporter-output>
  </reporter-output>
  <suite name="Suite" duration-ms="21624" started-at="2022-11-30T23:33:22 IST" finished-at="2022-11-30T23:33:44 IST">
    <groups>
    </groups>
    <test name="Test" duration-ms="21624" started-at="2022-11-30T23:33:22 IST" finished-at="2022-11-30T23:33:44 IST">
      <class name="testValidation.TestClass_TestNG">
        <test-method status="PASS" signature="BrowserOpen()[pri:0, instance:testValidation.TestClass_TestNG@4524411f]" name="BrowserOpen" is-config="true" duration-ms="13014" started-at="2022-11-30T23:33:22 IST" finished-at="2022-11-30T23:33:35 IST">
          <reporter-output>
          </reporter-output>
        </test-method> <!-- BrowserOpen -->
        <test-method status="PASS" signature="TitalValidation()[pri:1, instance:testValidation.TestClass_TestNG@4524411f]" name="TitalValidation" duration-ms="1483" started-at="2022-11-30T23:33:35 IST" finished-at="2022-11-30T23:33:37 IST">
          <reporter-output>
          </reporter-output>
        </test-method> <!-- TitalValidation -->
        <test-method status="PASS" signature="CheckBoxValidation()[pri:2, instance:testValidation.TestClass_TestNG@4524411f]" name="CheckBoxValidation" duration-ms="116" started-at="2022-11-30T23:33:37 IST" finished-at="2022-11-30T23:33:37 IST">
          <reporter-output>
          </reporter-output>
        </test-method> <!-- CheckBoxValidation -->
        <test-method status="PASS" signature="LogInValidation()[pri:3, instance:testValidation.TestClass_TestNG@4524411f]" name="LogInValidation" duration-ms="6077" started-at="2022-11-30T23:33:37 IST" finished-at="2022-11-30T23:33:43 IST">
          <reporter-output>
          </reporter-output>
        </test-method> <!-- LogInValidation -->
        <test-method status="PASS" signature="LogoValidation()[pri:0, instance:testValidation.TestClass_TestNG@4524411f]" name="LogoValidation" duration-ms="409" started-at="2022-11-30T23:33:43 IST" depends-on-methods="testValidation.TestClass_TestNG.LogInValidation" finished-at="2022-11-30T23:33:44 IST">
          <reporter-output>
          </reporter-output>
        </test-method> <!-- LogoValidation -->
        <test-method status="PASS" signature="BrowseClose()[pri:0, instance:testValidation.TestClass_TestNG@4524411f]" name="BrowseClose" is-config="true" duration-ms="344" started-at="2022-11-30T23:33:44 IST" finished-at="2022-11-30T23:33:44 IST">
          <reporter-output>
          </reporter-output>
        </test-method> <!-- BrowseClose -->
      </class> <!-- testValidation.TestClass_TestNG -->
    </test> <!-- Test -->
  </suite> <!-- Suite -->
</testng-results>
